<?xml version="1.0" encoding="UTF-8"?>
<testsuite xmlns:xsi="http://www.w3.org/2001/XMLSchema-instance" xsi:schemaLocation="https://maven.apache.org/surefire/maven-surefire-plugin/xsd/surefire-test-report.xsd" name="tdd.exercises.AdvancedStringCalculatorTests" time="0.056" tests="10" errors="0" skipped="0" failures="0">
  <properties>
[...]
</properties>
  <testcase name="testMissingNumberExceptions" classname="tdd.exercises.AdvancedStringCalculatorTests" time="0.006"/>
  <testcase name="testIgnoredWhiteCharacters" classname="tdd.exercises.AdvancedStringCalculatorTests" time="0.01"/>
  <testcase name="testSingleNumber" classname="tdd.exercises.AdvancedStringCalculatorTests" time="0"/>
  <testcase name="testOneOperation" classname="tdd.exercises.AdvancedStringCalculatorTests" time="0.001"/>
  <testcase name="testInvalidNumberException" classname="tdd.exercises.AdvancedStringCalculatorTests" time="0.001"/>
  <testcase name="testExtraParenthesis" classname="tdd.exercises.AdvancedStringCalculatorTests" time="0"/>
  <testcase name="testParenthesis" classname="tdd.exercises.AdvancedStringCalculatorTests" time="0"/>
  <testcase name="testDivisionByZero" classname="tdd.exercises.AdvancedStringCalculatorTests" time="0"/>
  <testcase name="testPercentages" classname="tdd.exercises.AdvancedStringCalculatorTests" time="0.011"/>
  <testcase name="testMultipleOperations" classname="tdd.exercises.AdvancedStringCalculatorTests" time="0.005"/>
</testsuite>